<?xml version="1.0" encoding="UTF-8" ?>
<testsuite tests="29" failures="5" name="TestSuite" time="8.081" errors="0" skipped="24">
  <properties>
[...]
</properties>
  <testcase classname="seleniumapi.AlertsTest" name="setUp" time="0.257">
    <failure message="The driver executable does not exist: C:\webdrivers\chromedriver.exe" type="java.lang.IllegalStateException">java.lang.IllegalStateException: The driver executable does not exist: C:\webdrivers\chromedriver.exe
	at com.google.common.base.Preconditions.checkState(Preconditions.java:585)
	at org.openqa.selenium.remote.service.DriverService.checkExecutable(DriverService.java:137)
	at org.openqa.selenium.remote.service.DriverService.findExecutable(DriverService.java:132)
	at org.openqa.selenium.chrome.ChromeDriverService.access$000(ChromeDriverService.java:35)
	at org.openqa.selenium.chrome.ChromeDriverService$Builder.findDefaultExecutable(ChromeDriverService.java:156)
	at org.openqa.selenium.remote.service.DriverService$Builder.build(DriverService.java:346)
	at org.openqa.selenium.chrome.ChromeDriverService.createDefaultService(ChromeDriverService.java:91)
	at org.openqa.selenium.chrome.ChromeDriver.&lt;init&gt;(ChromeDriver.java:123)
	at seleniumapi.AlertsTest.setUp(AlertsTest.java:20)
</failure>
    <system-out>Configuring TestNG with: org.apache.maven.surefire.testng.conf.TestNG652Configurator@71e7a66b
</system-out>
  </testcase>
  <testcase classname="seleniumapi.AlertsTest" name="testConfirmAccept" time="0.263">
    <skipped/>
  </testcase>
  <testcase classname="seleniumapi.AlertsTest" name="testConfirmDismiss" time="0.264">
    <skipped/>
  </testcase>
  <testcase classname="seleniumapi.AlertsTest" name="testPrompt" time="0.264">
    <skipped/>
  </testcase>
  <testcase classname="seleniumapi.AlertsTest" name="testSimpleAlert" time="0.264">
    <skipped/>
  </testcase>
  <testcase classname="seleniumapi.AlertsTest" name="tearDown" time="0.265">
    <skipped/>
  </testcase>
  <testcase classname="seleniumapi.DragDropTest" name="setUp" time="0.273">
    <failure message="The driver executable does not exist: C:\webdrivers\chromedriver.exe" type="java.lang.IllegalStateException">java.lang.IllegalStateException: The driver executable does not exist: C:\webdrivers\chromedriver.exe
	at com.google.common.base.Preconditions.checkState(Preconditions.java:585)
	at org.openqa.selenium.remote.service.DriverService.checkExecutable(DriverService.java:137)
	at org.openqa.selenium.remote.service.DriverService.findExecutable(DriverService.java:132)
	at org.openqa.selenium.chrome.ChromeDriverService.access$000(ChromeDriverService.java:35)
	at org.openqa.selenium.chrome.ChromeDriverService$Builder.findDefaultExecutable(ChromeDriverService.java:156)
	at org.openqa.selenium.remote.service.DriverService$Builder.build(DriverService.java:346)
	at org.openqa.selenium.chrome.ChromeDriverService.createDefaultService(ChromeDriverService.java:91)
	at org.openqa.selenium.chrome.ChromeDriver.&lt;init&gt;(ChromeDriver.java:123)
	at seleniumapi.DragDropTest.setUp(DragDropTest.java:21)
</failure>
  </testcase>
  <testcase classname="seleniumapi.DragDropTest" name="testDragDrop" time="0.273">
    <skipped/>
  </testcase>
  <testcase classname="seleniumapi.DragDropTest" name="tearDown" time="0.273">
    <skipped/>
  </testcase>
  <testcase classname="seleniumapi.FramesTest" name="setUp" time="0.278">
    <failure message="The driver executable does not exist: C:\webdrivers\chromedriver.exe" type="java.lang.IllegalStateException">java.lang.IllegalStateException: The driver executable does not exist: C:\webdrivers\chromedriver.exe
	at com.google.common.base.Preconditions.checkState(Preconditions.java:585)
	at org.openqa.selenium.remote.service.DriverService.checkExecutable(DriverService.java:137)
	at org.openqa.selenium.remote.service.DriverService.findExecutable(DriverService.java:132)
	at org.openqa.selenium.chrome.ChromeDriverService.access$000(ChromeDriverService.java:35)
	at org.openqa.selenium.chrome.ChromeDriverService$Builder.findDefaultExecutable(ChromeDriverService.java:156)
	at org.openqa.selenium.remote.service.DriverService$Builder.build(DriverService.java:346)
	at org.openqa.selenium.chrome.ChromeDriverService.createDefaultService(ChromeDriverService.java:91)
	at org.openqa.selenium.chrome.ChromeDriver.&lt;init&gt;(ChromeDriver.java:123)
	at seleniumapi.FramesTest.setUp(FramesTest.java:25)
</failure>
  </testcase>
  <testcase classname="seleniumapi.FramesTest" name="testFrameByContents" time="0.278">
    <skipped/>
  </testcase>
  <testcase classname="seleniumapi.FramesTest" name="testFrameByIndex" time="0.278">
    <skipped/>
  </testcase>
  <testcase classname="seleniumapi.FramesTest" name="testFrameWithIdOrName" time="0.278">
    <skipped/>
  </testcase>
  <testcase classname="seleniumapi.FramesTest" name="testIFrame" time="0.279">
    <skipped/>
  </testcase>
  <testcase classname="seleniumapi.FramesTest" name="tearDown" time="0.279">
    <skipped/>
  </testcase>
  <testcase classname="seleniumapi.SelectTest" name="setUp" time="0.285">
    <failure message="The driver executable does not exist: C:\webdrivers\chromedriver.exe" type="java.lang.IllegalStateException">java.lang.IllegalStateException: The driver executable does not exist: C:\webdrivers\chromedriver.exe
	at com.google.common.base.Preconditions.checkState(Preconditions.java:585)
	at org.openqa.selenium.remote.service.DriverService.checkExecutable(DriverService.java:137)
	at org.openqa.selenium.remote.service.DriverService.findExecutable(DriverService.java:132)
	at org.openqa.selenium.chrome.ChromeDriverService.access$000(ChromeDriverService.java:35)
	at org.openqa.selenium.chrome.ChromeDriverService$Builder.findDefaultExecutable(ChromeDriverService.java:156)
	at org.openqa.selenium.remote.service.DriverService$Builder.build(DriverService.java:346)
	at org.openqa.selenium.chrome.ChromeDriverService.createDefaultService(ChromeDriverService.java:91)
	at org.openqa.selenium.chrome.ChromeDriver.&lt;init&gt;(ChromeDriver.java:123)
	at seleniumapi.SelectTest.setUp(SelectTest.java:28)
</failure>
  </testcase>
  <testcase classname="seleniumapi.SelectTest" name="multipleSelectTest" time="0.285">
    <skipped/>
  </testcase>
  <testcase classname="seleniumapi.SelectTest" name="tearDown" time="0.285">
    <skipped/>
  </testcase>
  <testcase classname="seleniumapi.SelectTest" name="setUp" time="0.285">
    <skipped/>
  </testcase>
  <testcase classname="seleniumapi.SelectTest" name="testDropdown" time="0.285">
    <skipped/>
  </testcase>
  <testcase classname="seleniumapi.SelectTest" name="tearDown" time="0.285">
    <skipped/>
  </testcase>
  <testcase classname="seleniumapi.SelectTest" name="setUp" time="0.285">
    <skipped/>
  </testcase>
  <testcase classname="seleniumapi.SelectTest" name="testMultipleSelectList" time="0.285">
    <skipped/>
  </testcase>
  <testcase classname="seleniumapi.SelectTest" name="tearDown" time="0.285">
    <skipped/>
  </testcase>
  <testcase classname="seleniumapi.WindowPopupTest" name="setUp" time="0.29">
    <failure message="The driver executable does not exist: C:\webdrivers\chromedriver.exe" type="java.lang.IllegalStateException">java.lang.IllegalStateException: The driver executable does not exist: C:\webdrivers\chromedriver.exe
	at com.google.common.base.Preconditions.checkState(Preconditions.java:585)
	at org.openqa.selenium.remote.service.DriverService.checkExecutable(DriverService.java:137)
	at org.openqa.selenium.remote.service.DriverService.findExecutable(DriverService.java:132)
	at org.openqa.selenium.chrome.ChromeDriverService.access$000(ChromeDriverService.java:35)
	at org.openqa.selenium.chrome.ChromeDriverService$Builder.findDefaultExecutable(ChromeDriverService.java:156)
	at org.openqa.selenium.remote.service.DriverService$Builder.build(DriverService.java:346)
	at org.openqa.selenium.chrome.ChromeDriverService.createDefaultService(ChromeDriverService.java:91)
	at org.openqa.selenium.chrome.ChromeDriver.&lt;init&gt;(ChromeDriver.java:123)
	at seleniumapi.WindowPopupTest.setUp(WindowPopupTest.java:26)
</failure>
  </testcase>
  <testcase classname="seleniumapi.WindowPopupTest" name="testWindowPopup" time="0.29">
    <skipped/>
  </testcase>
  <testcase classname="seleniumapi.WindowPopupTest" name="testWindowPopupUsingContents" time="0.29">
    <skipped/>
  </testcase>
  <testcase classname="seleniumapi.WindowPopupTest" name="testWindowPopupUsingTitle" time="0.29">
    <skipped/>
  </testcase>
  <testcase classname="seleniumapi.WindowPopupTest" name="tearDown" time="0.29">
    <skipped/>
  </testcase>
</testsuite>